<?xml version='1.0' encoding='UTF-8'?>
<testsuite hostname="Emason" name="example.HelloSpec" tests="1" errors="0" failures="0" skipped="0" time="0.023" timestamp="2020-05-24T08:57:48">
                     <properties>
[...]
</properties>
                     <testcase classname="example.HelloSpec" name="The Hello object should say hello" time="0.023">
                                                 
                                               </testcase>
                     <system-out><![CDATA[]]></system-out>
                     <system-err><![CDATA[]]></system-err>
                   </testsuite>